<?xml version="1.0" encoding="UTF-8"?>
<!-- Generated by org.testng.reporters.JUnitReportReporter -->
<testsuite hostname="DESKTOP-F7R8644" failures="0" tests="1" name="tc01.VtigerLogoutPageScript" time="14.606" errors="0" timestamp="2021-12-03T12:16:43 IST" skipped="0">
  <testcase classname="tc01.VtigerLogoutPageScript" name="tc2" time="14.606"/>
  <system-out/>
</testsuite> <!-- tc01.VtigerLogoutPageScript -->
