<?xml version="1.0" encoding="UTF-8"?>
<!-- Generated by org.testng.reporters.JUnitReportReporter -->
<testsuite hostname="DESKTOP-F7R8644" failures="0" tests="1" name="tc01.VtigerLoginPageScript" time="11.952" errors="0" timestamp="2021-12-03T12:15:37 IST" skipped="0">
  <testcase classname="tc01.VtigerLoginPageScript" name="tc1" time="11.952"/>
  <system-out/>
</testsuite> <!-- tc01.VtigerLoginPageScript -->
