<?xml version="1.0" encoding="UTF-8"?>
<!-- Generated by org.testng.reporters.JUnitReportReporter -->
<testsuite hostname="DESKTOP-F7R8644" failures="0" tests="1" name="tc01.VtigerLoginPageScript" time="19.032" errors="0" timestamp="2021-12-14T10:34:27 IST" skipped="0">
  <testcase classname="tc01.VtigerLoginPageScript" name="tc1" time="19.032"/>
  <system-out/>
</testsuite> <!-- tc01.VtigerLoginPageScript -->
