<?xml version="1.0" encoding="UTF-8"?>
<!-- Generated by org.testng.reporters.JUnitReportReporter -->
<testsuite hostname="DESKTOP-F7R8644" failures="0" tests="1" name="tc01.VtigerHomePageScript" time="21.327" errors="0" timestamp="2021-12-14T10:34:27 IST" skipped="0">
  <testcase classname="tc01.VtigerHomePageScript" name="tc3" time="21.327"/>
  <system-out/>
</testsuite> <!-- tc01.VtigerHomePageScript -->
